c:\users\miken\downloads\customurlprotocol_src (1)\customurlprotocol_src\debug\customurlprotocol.pch
c:\users\miken\downloads\customurlprotocol_src (1)\customurlprotocol_src\debug\vc142.pdb
c:\users\miken\downloads\customurlprotocol_src (1)\customurlprotocol_src\debug\vc142.idb
c:\users\miken\downloads\customurlprotocol_src (1)\customurlprotocol_src\debug\stdafx.obj
c:\users\miken\downloads\customurlprotocol_src (1)\customurlprotocol_src\debug\customurlprotocol.obj
c:\users\miken\downloads\customurlprotocol_src (1)\customurlprotocol_src\debug\customurlprotocolapp.obj
c:\users\miken\downloads\customurlprotocol_src (1)\customurlprotocol_src\debug\customurlprotocoldlg.obj
c:\tourdestlcc from dell m4600 pc\tour-de-stlcc-3_23_2020\healthapphibernate_1\custom url protocol invokes a app\customurlprotocol_src\debug\customurlprotocol.pch
c:\tourdestlcc from dell m4600 pc\tour-de-stlcc-3_23_2020\healthapphibernate_1\custom url protocol invokes a app\customurlprotocol_src\debug\vc142.pdb
c:\tourdestlcc from dell m4600 pc\tour-de-stlcc-3_23_2020\healthapphibernate_1\custom url protocol invokes a app\customurlprotocol_src\debug\vc142.idb
c:\tourdestlcc from dell m4600 pc\tour-de-stlcc-3_23_2020\healthapphibernate_1\custom url protocol invokes a app\customurlprotocol_src\debug\stdafx.obj
c:\tourdestlcc from dell m4600 pc\tour-de-stlcc-3_23_2020\healthapphibernate_1\custom url protocol invokes a app\customurlprotocol_src\debug\customurlprotocol.obj
c:\tourdestlcc from dell m4600 pc\tour-de-stlcc-3_23_2020\healthapphibernate_1\custom url protocol invokes a app\customurlprotocol_src\debug\customurlprotocolapp.obj
c:\tourdestlcc from dell m4600 pc\tour-de-stlcc-3_23_2020\healthapphibernate_1\custom url protocol invokes a app\customurlprotocol_src\debug\customurlprotocoldlg.obj
c:\users\miken\downloads\customurlprotocol_src (1)\customurlprotocol_src\debug\customurlprotocol.exe
c:\users\miken\downloads\customurlprotocol_src (1)\customurlprotocol_src\debug\customurlprotocol.pdb
c:\tourdestlcc from dell m4600 pc\tour-de-stlcc-3_23_2020\healthapphibernate_1\custom url protocol invokes a app\customurlprotocol_src\debug\customurlprotocol.exe
c:\tourdestlcc from dell m4600 pc\tour-de-stlcc-3_23_2020\healthapphibernate_1\custom url protocol invokes a app\customurlprotocol_src\debug\customurlprotocol.pdb
c:\users\miken\downloads\customurlprotocol_src (1)\customurlprotocol_src\debug\customurlprotocol.res
c:\tourdestlcc from dell m4600 pc\tour-de-stlcc-3_23_2020\healthapphibernate_1\custom url protocol invokes a app\customurlprotocol_src\debug\customurlprotocol.res
c:\tourdestlcc from dell m4600 pc\tour-de-stlcc-3_23_2020\healthapphibernate_1\custom url protocol invokes a app\customurlprotocol_src\debug\customur.644df9c0.tlog\cl.command.1.tlog
c:\tourdestlcc from dell m4600 pc\tour-de-stlcc-3_23_2020\healthapphibernate_1\custom url protocol invokes a app\customurlprotocol_src\debug\customur.644df9c0.tlog\cl.read.1.tlog
c:\tourdestlcc from dell m4600 pc\tour-de-stlcc-3_23_2020\healthapphibernate_1\custom url protocol invokes a app\customurlprotocol_src\debug\customur.644df9c0.tlog\cl.write.1.tlog
c:\tourdestlcc from dell m4600 pc\tour-de-stlcc-3_23_2020\healthapphibernate_1\custom url protocol invokes a app\customurlprotocol_src\debug\customur.644df9c0.tlog\link.command.1.tlog
c:\tourdestlcc from dell m4600 pc\tour-de-stlcc-3_23_2020\healthapphibernate_1\custom url protocol invokes a app\customurlprotocol_src\debug\customur.644df9c0.tlog\link.read.1.tlog
c:\tourdestlcc from dell m4600 pc\tour-de-stlcc-3_23_2020\healthapphibernate_1\custom url protocol invokes a app\customurlprotocol_src\debug\customur.644df9c0.tlog\link.write.1.tlog
c:\tourdestlcc from dell m4600 pc\tour-de-stlcc-3_23_2020\healthapphibernate_1\custom url protocol invokes a app\customurlprotocol_src\debug\customur.644df9c0.tlog\rc.command.1.tlog
c:\tourdestlcc from dell m4600 pc\tour-de-stlcc-3_23_2020\healthapphibernate_1\custom url protocol invokes a app\customurlprotocol_src\debug\customur.644df9c0.tlog\rc.read.1.tlog
c:\tourdestlcc from dell m4600 pc\tour-de-stlcc-3_23_2020\healthapphibernate_1\custom url protocol invokes a app\customurlprotocol_src\debug\customur.644df9c0.tlog\rc.write.1.tlog
